0 info it worked if it ends with ok
1 verbose cli [ '/usr/local/bin/node', '/usr/local/bin/npm', 'run', 'upload' ]
2 info using npm@3.6.0
3 info using node@v5.6.0
4 verbose run-script [ 'preupload', 'upload', 'postupload' ]
5 info lifecycle laravel-vue-helpers@0.0.7~preupload: laravel-vue-helpers@0.0.7
6 verbose lifecycle laravel-vue-helpers@0.0.7~preupload: unsafe-perm in lifecycle true
7 verbose lifecycle laravel-vue-helpers@0.0.7~preupload: PATH: /usr/local/lib/node_modules/npm/bin/node-gyp-bin:/Users/Ed/Sites/packages/packages/edstevo/laravel-vue-helpers/node_modules/.bin:/usr/local/Cellar/php70/7.0.11_5/bin:/opt/local/bin:/opt/local/sbin:/usr/local/bin:/usr/bin:/bin:/usr/sbin:/sbin:~/.composer/vendor/bin:/opt/X11/bin
8 verbose lifecycle laravel-vue-helpers@0.0.7~preupload: CWD: /Users/Ed/Sites/packages/packages/edstevo/laravel-vue-helpers
9 silly lifecycle laravel-vue-helpers@0.0.7~preupload: Args: [ '-c', 'git add . && git commit' ]
10 silly lifecycle laravel-vue-helpers@0.0.7~preupload: Returned: code: 1  signal: null
11 info lifecycle laravel-vue-helpers@0.0.7~preupload: Failed to exec preupload script
12 verbose stack Error: laravel-vue-helpers@0.0.7 preupload: `git add . && git commit`
12 verbose stack Exit status 1
12 verbose stack     at EventEmitter.<anonymous> (/usr/local/lib/node_modules/npm/lib/utils/lifecycle.js:232:16)
12 verbose stack     at emitTwo (events.js:100:13)
12 verbose stack     at EventEmitter.emit (events.js:185:7)
12 verbose stack     at ChildProcess.<anonymous> (/usr/local/lib/node_modules/npm/lib/utils/spawn.js:24:14)
12 verbose stack     at emitTwo (events.js:100:13)
12 verbose stack     at ChildProcess.emit (events.js:185:7)
12 verbose stack     at maybeClose (internal/child_process.js:827:16)
12 verbose stack     at Process.ChildProcess._handle.onexit (internal/child_process.js:211:5)
13 verbose pkgid laravel-vue-helpers@0.0.7
14 verbose cwd /Users/Ed/Sites/packages/packages/edstevo/laravel-vue-helpers
15 error Darwin 16.1.0
16 error argv "/usr/local/bin/node" "/usr/local/bin/npm" "run" "upload"
17 error node v5.6.0
18 error npm  v3.6.0
19 error code ELIFECYCLE
20 error laravel-vue-helpers@0.0.7 preupload: `git add . && git commit`
20 error Exit status 1
21 error Failed at the laravel-vue-helpers@0.0.7 preupload script 'git add . && git commit'.
21 error Make sure you have the latest version of node.js and npm installed.
21 error If you do, this is most likely a problem with the laravel-vue-helpers package,
21 error not with npm itself.
21 error Tell the author that this fails on your system:
21 error     git add . && git commit
21 error You can get information on how to open an issue for this project with:
21 error     npm bugs laravel-vue-helpers
21 error Or if that isn't available, you can get their info via:
21 error     npm owner ls laravel-vue-helpers
21 error There is likely additional logging output above.
22 verbose exit [ 1, true ]
